<?xml version = "1.0" encoding = "UTF-8"?>
<beans xmlns="http://www.springframework.org/schema/beans"
       xmlns:xsi="http://www.w3.org/2001/XMLSchema-instance" xmlns:tx="http://www.springframework.org/schema/tx"
       xmlns:context="http://www.springframework.org/schema/context"
       xmlns:p="http://www.springframework.org/schema/p"
       xsi:schemaLocation="
      http://www.springframework.org/schema/beans
      http://www.springframework.org/schema/beans/spring-beans-4.2.xsd
      http://www.springframework.org/schema/tx
	  http://www.springframework.org/schema/tx/spring-tx-4.2.xsd
      http://www.springframework.org/schema/context
      http://www.springframework.org/schema/context/spring-context-4.2.xsd">

    <context:property-placeholder
            ignore-unresolvable="false" location="classpath:jdbc-test.properties" />


    <bean id="dataSource"
          class="org.springframework.jdbc.datasource.DriverManagerDataSource" destroy-method="close"
          p:driverClassName="com.mysql.jdbc.Driver" p:url="${db.url}"
          p:username="${db.user}" p:password="${db.password}" />

    <import resource="service-context.xml" />

</beans>